SF:lib\core\failures\auth_failure.dart
DA:6,2
DA:8,2
DA:9,2
DA:10,2
DA:11,1
DA:12,2
DA:13,2
DA:14,2
DA:15,1
DA:16,2
DA:17,2
DA:18,1
DA:19,1
DA:21,1
DA:25,2
DA:26,2
LF:16
LH:16
end_of_record
SF:lib\features\auth\repositories\auth_repository.dart
DA:14,1
DA:17,0
DA:18,0
DA:20,1
DA:22,1
DA:23,1
DA:24,1
DA:25,1
DA:26,1
DA:27,2
DA:29,2
DA:33,1
DA:35,1
DA:36,1
DA:37,1
DA:38,1
DA:39,1
DA:40,2
DA:42,2
DA:46,1
DA:47,2
DA:50,3
DA:52,1
DA:54,2
DA:57,1
DA:58,1
DA:59,1
DA:60,1
DA:62,2
DA:65,1
DA:67,2
DA:71,1
DA:72,2
DA:73,2
LF:34
LH:32
end_of_record
SF:lib\features\splash\viewmodel\splash_viewmodel.dart
DA:8,1
DA:9,0
DA:11,1
DA:14,2
DA:15,2
DA:16,1
DA:18,1
LF:7
LH:6
end_of_record
SF:lib\core\provdier\langauges_provider.dart
DA:7,6
DA:10,3
DA:11,3
DA:15,2
DA:16,4
DA:17,2
DA:18,2
DA:19,1
DA:24,3
DA:25,3
DA:26,1
DA:27,2
DA:28,1
DA:32,2
DA:33,2
DA:34,2
LF:16
LH:16
end_of_record
SF:lib\core\utils.dart
DA:9,1
DA:10,1
DA:12,1
DA:14,1
DA:19,1
DA:20,1
DA:21,2
DA:24,1
LF:8
LH:8
end_of_record
SF:lib\core\widgets\custom_button.dart
DA:8,4
DA:15,4
DA:17,4
DA:20,4
DA:21,8
DA:22,4
DA:23,4
DA:24,8
DA:27,4
DA:29,4
DA:30,4
LF:11
LH:11
end_of_record
SF:lib\core\widgets\custom_text_field.dart
DA:12,4
DA:22,4
DA:24,4
DA:26,4
DA:27,4
DA:28,4
DA:32,4
DA:33,4
DA:34,4
DA:35,4
DA:36,4
DA:37,4
DA:38,4
DA:40,4
DA:48,4
LF:15
LH:15
end_of_record
SF:lib\features\auth\view\pages\login_page.dart
DA:15,5
DA:17,2
DA:19,2
DA:28,2
DA:30,2
DA:34,2
DA:36,2
DA:37,2
DA:41,6
DA:43,2
DA:44,2
DA:45,2
DA:46,2
DA:47,2
DA:48,4
DA:49,4
DA:52,2
DA:54,2
DA:56,2
DA:58,2
DA:61,2
DA:63,2
DA:65,4
DA:66,4
DA:67,1
DA:68,1
DA:79,2
DA:80,2
DA:81,6
DA:82,2
DA:84,1
DA:85,1
DA:86,3
DA:93,2
DA:94,2
DA:95,2
DA:96,2
DA:97,2
DA:98,4
DA:99,2
DA:101,2
DA:102,2
DA:106,1
DA:107,4
DA:110,1
DA:111,1
DA:112,2
DA:113,2
DA:114,2
DA:123,2
DA:124,2
DA:126,2
DA:127,1
DA:128,2
DA:129,6
DA:130,2
DA:136,2
DA:137,2
DA:139,4
DA:140,4
DA:141,2
DA:142,1
DA:143,3
DA:144,0
DA:145,0
DA:146,0
DA:147,0
DA:148,0
DA:149,0
DA:150,0
DA:151,0
DA:153,0
DA:154,0
DA:155,0
DA:167,2
DA:169,4
DA:170,4
DA:171,4
DA:172,2
LF:79
LH:68
end_of_record
SF:lib\features\auth\view\widgets\auth_divider.dart
DA:5,26
DA:7,3
DA:9,3
DA:10,3
DA:12,3
DA:13,3
DA:14,9
LF:7
LH:7
end_of_record
SF:lib\features\auth\view\widgets\header_text.dart
DA:5,3
DA:8,3
DA:10,3
DA:12,3
DA:14,3
DA:15,3
DA:16,3
DA:19,3
DA:20,3
DA:21,3
LF:10
LH:10
end_of_record
SF:lib\features\auth\view\widgets\sign_up_redirect.dart
DA:9,3
DA:16,3
DA:18,3
DA:20,3
DA:21,3
DA:22,3
DA:23,3
DA:25,3
DA:26,3
DA:27,3
DA:28,3
DA:29,3
DA:30,3
LF:13
LH:13
end_of_record
SF:lib\features\auth\view\widgets\soical_buttons.dart
DA:10,4
DA:12,4
DA:14,4
DA:15,4
DA:16,4
DA:20,7
DA:23,0
DA:25,0
DA:26,0
DA:27,0
DA:28,0
DA:30,0
DA:31,0
DA:32,0
DA:41,4
DA:44,7
DA:45,1
DA:46,2
LF:18
LH:10
end_of_record
SF:lib\features\auth\view_model\auth_view_model.dart
DA:14,1
DA:15,0
DA:17,2
DA:20,1
DA:21,1
DA:22,1
DA:25,1
DA:26,3
DA:27,1
DA:31,1
DA:32,1
DA:33,1
DA:34,1
DA:37,2
DA:39,1
DA:40,1
DA:42,0
DA:43,0
DA:46,2
DA:47,1
DA:49,1
DA:50,1
DA:55,1
DA:56,1
DA:57,1
DA:58,1
DA:61,2
DA:63,1
DA:64,1
DA:66,0
DA:69,2
DA:71,1
DA:72,1
DA:77,1
DA:78,1
DA:80,2
DA:82,1
DA:83,4
DA:86,2
DA:87,3
DA:89,1
DA:94,1
DA:95,2
DA:96,1
DA:97,1
LF:45
LH:41
end_of_record
SF:lib\features\auth\view\pages\signup_page.dart
DA:15,5
DA:17,2
DA:18,2
DA:31,2
DA:33,2
DA:37,2
DA:39,2
DA:40,2
DA:44,6
DA:46,2
DA:47,2
DA:48,2
DA:49,2
DA:50,2
DA:51,4
DA:52,4
DA:55,2
DA:57,2
DA:59,2
DA:61,2
DA:63,2
DA:66,2
DA:68,2
DA:71,4
DA:72,4
DA:73,0
DA:74,0
DA:85,2
DA:86,2
DA:87,6
DA:88,2
DA:89,1
DA:90,1
DA:91,3
DA:98,2
DA:99,2
DA:100,6
DA:101,2
DA:103,1
DA:104,1
DA:105,3
DA:112,2
DA:113,2
DA:114,2
DA:115,2
DA:116,2
DA:117,4
DA:118,2
DA:120,2
DA:121,2
DA:125,1
DA:126,4
DA:129,1
DA:130,1
DA:131,2
DA:132,2
DA:133,2
DA:142,2
DA:143,2
DA:144,2
DA:145,2
DA:146,2
DA:147,4
DA:148,2
DA:150,2
DA:151,2
DA:155,1
DA:156,4
DA:159,1
DA:160,1
DA:161,2
DA:162,3
DA:163,2
DA:172,2
DA:173,2
DA:175,4
DA:176,4
DA:177,2
DA:178,1
DA:179,3
DA:180,0
DA:182,0
DA:183,0
DA:184,0
DA:185,0
DA:186,0
DA:187,0
DA:188,0
DA:189,0
DA:191,0
DA:194,0
DA:203,2
DA:205,4
DA:206,4
DA:207,4
DA:208,4
DA:209,4
DA:210,4
DA:211,2
LF:99
LH:86
end_of_record
SF:lib\features\auth\view\widgets\social_button.dart
DA:10,4
DA:18,4
DA:20,4
DA:21,4
DA:22,4
DA:23,4
DA:25,4
DA:26,4
DA:27,4
DA:29,4
DA:31,4
DA:32,4
DA:33,4
DA:38,8
DA:40,4
DA:41,4
LF:16
LH:16
end_of_record
SF:lib\features\home\view\pages\home_page.dart
DA:8,5
DA:10,1
DA:11,1
DA:15,1
DA:17,1
DA:19,3
DA:20,3
DA:24,1
DA:26,1
DA:27,2
DA:28,2
DA:29,2
DA:31,1
DA:32,1
DA:33,1
DA:37,1
DA:38,1
DA:40,1
DA:41,1
DA:45,1
DA:47,1
DA:48,1
DA:53,1
DA:54,1
DA:56,1
DA:57,1
DA:65,1
DA:66,1
DA:68,2
DA:69,3
DA:70,3
DA:71,1
DA:72,1
DA:73,1
DA:74,2
DA:76,3
DA:78,1
DA:79,1
DA:80,2
DA:81,1
DA:83,3
LF:41
LH:41
end_of_record
SF:lib\features\home\view\pages\langauge_selection_page.dart
DA:9,5
DA:11,2
DA:13,2
DA:14,2
DA:17,1
DA:18,1
DA:21,2
DA:22,2
DA:23,3
DA:24,1
DA:25,2
DA:26,6
DA:28,2
DA:29,2
DA:30,2
DA:32,2
DA:36,2
DA:38,2
DA:42,2
DA:44,2
LF:20
LH:20
end_of_record
SF:lib\features\home\view\widgets\langauge_selection_tile.dart
DA:9,3
DA:17,3
DA:19,3
DA:20,6
DA:21,3
DA:22,3
DA:23,3
DA:24,1
DA:26,2
DA:30,8
LF:10
LH:10
end_of_record
SF:lib\features\splash\view\pages\splash_page.dart
DA:9,6
DA:11,1
DA:14,3
DA:15,2
DA:16,0
DA:20,1
DA:22,1
DA:23,1
DA:25,1
DA:28,1
DA:29,2
DA:30,1
DA:37,1
DA:39,1
DA:41,1
LF:15
LH:14
end_of_record
SF:lib\core\routers\app_router.dart
DA:8,4
DA:9,4
DA:11,4
DA:12,4
DA:13,6
DA:14,6
DA:15,5
DA:16,4
DA:18,2
LF:9
LH:9
end_of_record
