SF:lib/core/exceptions/auth_exception.dart
DA:5,2
DA:7,1
DA:8,3
LF:3
LH:3
end_of_record
SF:lib/core/provider/langauges_provider.dart
DA:7,6
DA:9,3
DA:10,3
DA:13,2
DA:14,4
DA:15,2
DA:16,2
DA:17,1
DA:21,3
DA:22,3
DA:23,1
DA:24,2
DA:25,1
DA:28,2
DA:29,2
DA:30,2
LF:16
LH:16
end_of_record
SF:lib/features/auth/app_logic/auth_provider.dart
DA:17,1
DA:30,1
DA:31,1
DA:33,3
DA:34,1
DA:36,2
DA:38,1
DA:41,1
DA:42,1
DA:44,3
DA:45,1
DA:47,0
DA:49,1
DA:52,1
DA:53,1
DA:55,3
DA:56,1
DA:58,2
DA:60,1
DA:63,1
DA:64,2
DA:65,1
DA:68,1
DA:69,3
DA:70,1
DA:73,1
DA:74,1
DA:75,1
DA:77,1
DA:78,1
DA:79,1
DA:82,1
DA:83,2
LF:33
LH:32
end_of_record
SF:lib/core/common/entities/user.dart
DA:5,10
LF:1
LH:1
end_of_record
SF:lib/features/auth/domain/usecase/get_current_user_usecase.dart
DA:11,1
DA:13,1
DA:15,2
LF:3
LH:3
end_of_record
SF:lib/features/auth/domain/usecase/sign_in_usecase.dart
DA:11,1
DA:13,1
DA:15,2
LF:3
LH:3
end_of_record
SF:lib/features/auth/domain/usecase/sign_in_with_google_usecase.dart
DA:11,1
DA:13,1
DA:15,2
LF:3
LH:3
end_of_record
SF:lib/features/auth/domain/usecase/sign_out_usecase.dart
DA:10,1
DA:12,1
DA:14,2
LF:3
LH:3
end_of_record
SF:lib/features/auth/domain/usecase/sign_up_usecase.dart
DA:12,1
DA:14,1
DA:16,2
LF:3
LH:3
end_of_record
SF:lib/core/utils/utils.dart
DA:8,4
DA:9,4
DA:11,4
DA:13,4
DA:17,12
DA:18,4
DA:19,4
DA:20,8
DA:23,4
LF:9
LH:9
end_of_record
SF:lib/core/common/widgets/custom_button.dart
DA:9,3
DA:16,3
DA:18,3
DA:21,3
DA:22,6
DA:23,3
DA:24,9
DA:25,6
DA:28,3
DA:29,0
DA:30,3
DA:31,3
DA:32,12
LF:13
LH:12
end_of_record
SF:lib/core/routes/app_routes.dart
DA:16,5
DA:17,5
DA:19,5
DA:20,5
DA:22,1
DA:24,5
DA:26,2
DA:28,5
DA:30,2
DA:32,5
DA:34,2
DA:36,5
DA:38,2
LF:13
LH:13
end_of_record
SF:lib/features/auth/presentation/pages/signup_page.dart
DA:15,8
DA:17,2
DA:18,2
DA:31,2
DA:33,2
DA:35,2
DA:36,2
DA:40,6
DA:42,2
DA:43,2
DA:44,2
DA:45,2
DA:46,2
DA:47,4
DA:48,4
DA:51,2
DA:53,2
DA:55,2
DA:57,2
DA:59,2
DA:62,2
DA:64,2
DA:67,4
DA:68,4
DA:69,0
DA:70,0
DA:81,2
DA:82,2
DA:83,6
DA:84,2
DA:85,1
DA:86,1
DA:87,3
DA:94,2
DA:95,2
DA:96,6
DA:97,2
DA:99,1
DA:100,1
DA:101,3
DA:108,2
DA:109,2
DA:110,2
DA:111,2
DA:112,2
DA:113,4
DA:114,2
DA:116,2
DA:117,2
DA:121,0
DA:122,0
DA:125,1
DA:126,1
DA:127,2
DA:128,2
DA:129,0
DA:138,2
DA:139,2
DA:140,2
DA:141,2
DA:142,2
DA:143,4
DA:144,2
DA:146,2
DA:147,2
DA:151,0
DA:152,0
DA:155,1
DA:156,1
DA:157,2
DA:158,3
DA:159,2
DA:168,2
DA:169,2
DA:171,4
DA:172,4
DA:173,2
DA:174,1
DA:175,3
DA:176,1
DA:178,1
DA:179,3
DA:180,3
DA:181,1
DA:182,2
DA:183,2
DA:184,2
DA:185,2
DA:186,2
DA:188,2
DA:189,0
DA:191,1
DA:193,2
DA:202,2
DA:204,4
DA:205,4
DA:206,4
DA:207,4
DA:208,4
DA:209,4
DA:210,2
LF:101
LH:93
end_of_record
SF:lib/core/common/widgets/custom_text_field.dart
DA:11,3
DA:21,3
DA:23,3
DA:25,3
DA:26,3
DA:27,3
DA:28,12
DA:29,9
DA:33,3
DA:34,3
DA:35,3
DA:36,3
DA:37,3
DA:38,3
DA:39,3
DA:41,3
DA:48,9
DA:50,3
LF:18
LH:18
end_of_record
SF:lib/features/auth/presentation/pages/login_page.dart
DA:16,8
DA:18,2
DA:20,2
DA:29,2
DA:31,2
DA:33,2
DA:34,2
DA:38,6
DA:40,2
DA:41,2
DA:42,2
DA:43,2
DA:44,2
DA:45,4
DA:46,4
DA:49,2
DA:51,2
DA:53,2
DA:55,2
DA:58,2
DA:60,2
DA:62,4
DA:63,4
DA:64,1
DA:65,1
DA:76,2
DA:77,2
DA:78,6
DA:79,2
DA:81,1
DA:82,1
DA:83,3
DA:90,2
DA:91,2
DA:92,2
DA:93,2
DA:94,2
DA:95,4
DA:96,2
DA:98,2
DA:99,2
DA:103,0
DA:104,0
DA:107,1
DA:108,1
DA:109,2
DA:110,2
DA:111,0
DA:120,2
DA:121,2
DA:123,2
DA:124,1
DA:125,2
DA:126,6
DA:127,10
DA:129,8
DA:136,2
DA:137,2
DA:139,4
DA:140,4
DA:141,2
DA:142,1
DA:143,3
DA:144,1
DA:146,1
DA:147,3
DA:148,3
DA:149,1
DA:150,2
DA:151,2
DA:152,2
DA:154,1
DA:155,1
DA:157,2
DA:166,2
DA:168,4
DA:169,4
DA:170,4
DA:171,2
LF:79
LH:76
end_of_record
SF:lib/features/home/presentation/pages/home_page.dart
DA:9,9
DA:11,3
DA:12,3
DA:16,3
DA:18,3
DA:19,9
DA:20,9
DA:24,3
DA:26,6
DA:27,6
DA:29,3
DA:30,3
DA:31,3
DA:35,3
DA:36,3
DA:37,3
DA:39,9
DA:41,1
DA:42,1
DA:46,3
DA:47,3
DA:49,9
DA:51,1
DA:52,1
DA:57,3
DA:58,3
DA:60,3
DA:61,3
DA:63,3
DA:64,9
DA:73,1
DA:74,1
DA:77,2
DA:78,3
DA:79,1
DA:80,2
DA:83,1
DA:84,1
DA:85,1
DA:86,2
DA:88,3
DA:90,1
DA:91,1
DA:92,2
DA:93,1
DA:95,3
LF:46
LH:46
end_of_record
SF:lib/features/localization/presentation/pages/language_selection_page.dart
DA:9,8
DA:11,2
DA:13,2
DA:14,2
DA:16,2
DA:17,2
DA:18,2
DA:19,2
DA:20,2
DA:21,2
DA:22,2
DA:23,2
DA:26,2
DA:27,2
DA:28,2
DA:29,2
DA:30,2
DA:32,6
DA:35,6
DA:37,2
DA:39,4
DA:40,2
DA:41,2
DA:42,2
DA:44,2
DA:46,2
LF:26
LH:26
end_of_record
SF:lib/features/splash/presentation/pages/splash_page.dart
DA:11,8
DA:13,1
DA:14,1
DA:20,1
DA:22,1
DA:23,1
DA:26,1
DA:27,3
DA:29,2
DA:30,0
DA:33,0
DA:35,0
DA:40,1
DA:42,2
DA:43,1
DA:46,1
DA:48,1
DA:49,3
DA:50,1
DA:51,1
DA:53,1
DA:54,1
DA:57,3
DA:60,1
DA:61,1
DA:62,4
DA:63,3
DA:67,1
DA:69,4
DA:70,1
LF:30
LH:27
end_of_record
SF:lib/features/auth/presentation/widgets/auth_divider.dart
DA:5,16
DA:7,3
DA:9,3
DA:10,3
DA:12,3
DA:13,3
DA:14,9
LF:7
LH:7
end_of_record
SF:lib/features/auth/presentation/widgets/header_text.dart
DA:5,3
DA:8,3
DA:10,3
DA:12,3
DA:14,3
DA:15,3
DA:16,12
DA:19,3
DA:20,3
DA:21,12
LF:10
LH:10
end_of_record
SF:lib/features/auth/presentation/widgets/sign_up_redirect.dart
DA:8,3
DA:15,3
DA:17,3
DA:19,3
DA:20,3
DA:21,3
DA:22,3
DA:27,3
DA:28,3
DA:29,3
DA:30,3
DA:31,12
DA:33,9
LF:13
LH:13
end_of_record
SF:lib/features/auth/presentation/widgets/soical_buttons.dart
DA:12,4
DA:14,4
DA:16,4
DA:17,4
DA:18,4
DA:22,8
DA:24,1
DA:25,1
DA:26,1
DA:27,1
DA:28,2
DA:29,1
DA:31,1
DA:32,1
DA:33,1
DA:42,4
DA:45,8
DA:46,1
DA:47,2
LF:19
LH:19
end_of_record
SF:lib/features/auth/presentation/widgets/social_button.dart
DA:9,4
DA:17,4
DA:19,4
DA:20,4
DA:21,4
DA:22,4
DA:24,4
DA:25,4
DA:26,4
DA:28,4
DA:30,4
DA:31,4
DA:32,4
DA:37,20
DA:39,4
DA:40,4
DA:41,16
LF:17
LH:17
end_of_record
SF:lib/features/localization/presentation/widgets/langauge_selection_tile.dart
DA:9,3
DA:17,3
DA:19,3
DA:20,6
DA:21,3
DA:22,3
DA:23,3
DA:24,0
DA:26,0
DA:30,8
LF:10
LH:8
end_of_record
SF:lib/features/splash/app_logic/splash_provider.dart
DA:8,1
DA:10,1
DA:11,2
LF:3
LH:3
end_of_record
